nohup: ignoring input

> frontend@0.1.0 dev
> next dev

▲ Next.js 16.2.1 (Turbopack)
- Local:         http://localhost:3000
- Network:       http://192.168.0.197:3000
- Environments: .env
✓ Ready in 393ms

⚠ Blocked cross-origin request to Next.js dev resource /_next/webpack-hmr from "192.168.0.197".
Cross-origin access to Next.js dev resources is blocked by default for safety.

To allow this host in development, add it to "allowedDevOrigins" in next.config.js and restart the dev server:

// next.config.js
module.exports = {
  allowedDevOrigins: ['192.168.0.197'],
}

Read more: https://nextjs.org/docs/app/api-reference/config/next-config-js/allowedDevOrigins
 GET /api/send 405 in 439ms (next.js: 399ms, application-code: 40ms)
 POST /api/send 200 in 9.1s (next.js: 5ms, application-code: 9.1s)
 POST /api/send 200 in 5.1s (next.js: 3ms, application-code: 5.1s)
 GET / 200 in 438ms (next.js: 272ms, application-code: 166ms)
 GET / 200 in 138ms (next.js: 29ms, application-code: 109ms)
 GET / 200 in 148ms (next.js: 9ms, application-code: 139ms)
 GET / 200 in 174ms (next.js: 7ms, application-code: 168ms)
 GET / 200 in 170ms (next.js: 9ms, application-code: 161ms)
 GET / 200 in 156ms (next.js: 9ms, application-code: 147ms)
 GET / 200 in 173ms (next.js: 9ms, application-code: 164ms)
 GET / 200 in 161ms (next.js: 7ms, application-code: 154ms)
 GET / 200 in 145ms (next.js: 6ms, application-code: 139ms)
 GET / 200 in 143ms (next.js: 11ms, application-code: 133ms)
 POST /api/send 200 in 8.9s (next.js: 1942µs, application-code: 8.9s)
 GET / 200 in 147ms (next.js: 11ms, application-code: 136ms)
 GET / 200 in 126ms (next.js: 7ms, application-code: 119ms)
 POST /api/send 200 in 4.2s (next.js: 1829µs, application-code: 4.2s)
 GET / 200 in 135ms (next.js: 7ms, application-code: 128ms)
 GET / 200 in 140ms (next.js: 9ms, application-code: 131ms)
 GET / 200 in 102ms (next.js: 3ms, application-code: 98ms)
 GET / 200 in 122ms (next.js: 7ms, application-code: 115ms)
 GET / 200 in 139ms (next.js: 6ms, application-code: 133ms)
 GET / 200 in 128ms (next.js: 5ms, application-code: 123ms)
 GET / 200 in 173ms (next.js: 5ms, application-code: 167ms)
 GET / 200 in 153ms (next.js: 7ms, application-code: 146ms)
 GET / 200 in 113ms (next.js: 6ms, application-code: 107ms)
 GET / 200 in 122ms (next.js: 5ms, application-code: 117ms)
 GET / 200 in 154ms (next.js: 6ms, application-code: 148ms)
 GET / 200 in 145ms (next.js: 6ms, application-code: 139ms)
 GET / 200 in 100ms (next.js: 47ms, application-code: 53ms)
 GET / 200 in 143ms (next.js: 6ms, application-code: 137ms)
 GET / 200 in 130ms (next.js: 5ms, application-code: 125ms)
 GET / 200 in 123ms (next.js: 6ms, application-code: 117ms)
 GET / 200 in 120ms (next.js: 6ms, application-code: 114ms)
 GET / 200 in 125ms (next.js: 7ms, application-code: 118ms)
 GET / 200 in 142ms (next.js: 6ms, application-code: 136ms)
 GET / 200 in 117ms (next.js: 5ms, application-code: 112ms)
 GET / 200 in 136ms (next.js: 7ms, application-code: 129ms)
 GET / 200 in 126ms (next.js: 7ms, application-code: 119ms)
 GET / 200 in 132ms (next.js: 7ms, application-code: 125ms)
 GET / 200 in 162ms (next.js: 6ms, application-code: 155ms)
 GET / 200 in 123ms (next.js: 5ms, application-code: 118ms)
 GET / 200 in 138ms (next.js: 6ms, application-code: 131ms)
 GET / 200 in 129ms (next.js: 6ms, application-code: 122ms)
 GET / 200 in 119ms (next.js: 6ms, application-code: 113ms)
 GET / 200 in 140ms (next.js: 5ms, application-code: 135ms)
 GET / 200 in 149ms (next.js: 10ms, application-code: 139ms)
 GET / 200 in 130ms (next.js: 6ms, application-code: 125ms)
 GET / 200 in 149ms (next.js: 8ms, application-code: 142ms)
 GET / 200 in 128ms (next.js: 5ms, application-code: 123ms)
 GET / 200 in 133ms (next.js: 5ms, application-code: 128ms)
 GET / 200 in 132ms (next.js: 6ms, application-code: 127ms)
 GET / 200 in 122ms (next.js: 6ms, application-code: 116ms)
 GET / 200 in 148ms (next.js: 5ms, application-code: 144ms)
 GET / 200 in 129ms (next.js: 8ms, application-code: 120ms)
 GET / 200 in 128ms (next.js: 6ms, application-code: 122ms)
 GET / 200 in 120ms (next.js: 5ms, application-code: 115ms)
 GET / 200 in 150ms (next.js: 5ms, application-code: 144ms)
 GET / 200 in 141ms (next.js: 6ms, application-code: 135ms)
 GET / 200 in 118ms (next.js: 5ms, application-code: 113ms)
 GET / 200 in 132ms (next.js: 8ms, application-code: 124ms)
 GET / 200 in 119ms (next.js: 5ms, application-code: 114ms)
 GET / 200 in 118ms (next.js: 3ms, application-code: 115ms)
 GET / 200 in 129ms (next.js: 5ms, application-code: 124ms)
 GET / 200 in 36ms (next.js: 1749µs, application-code: 34ms)
 GET / 200 in 137ms (next.js: 5ms, application-code: 132ms)
